***Starting server on port 49890 ***
Loading net-file from 'E3.net.xml' ... done (77ms).
Loading route-files incrementally from 'random_routes.rou.xml'
Loading done.
Simulation started with time: 0.00.
Simulation ended at time: 1000.00.
Reason: TraCI requested termination.
Performance:
 Duration: 58.26s
 TraCI-Duration: 6.17s
 Real time factor: 17.1644
 UPS: 109.629248
Vehicles:
 Inserted: 54
 Running: 1
 Waiting: 0
 Teleports: 3 (Collisions: 1, Jam: 2)
Statistics (avg of 53):
 RouteLength: 386.75
 Speed: 7.93
 Duration: 102.94
 WaitingTime: 46.34
 TimeLoss: 74.01
 DepartDelay: 25.28
